PLINK v1.90b6.7 64-bit (2 Dec 2018)
Options in effect:
  --allow-extra-chr
  --extract I_12250000-12500000.txt
  --geno
  --maf 0.05
  --make-bed
  --out prop_markers
  --recode vcf-iid bgz
  --set-missing-var-ids @:#
  --snps-only
  --vcf propionate_finemap.vcf.gz

Hostname: stefans-imac.ad.medctr.ucla.edu
Working directory: /Users/Stefan/github_repos/Propionate/vcf
Start time: Tue Dec 17 14:09:14 2019

Random number seed: 1576620554
32768 MB RAM detected; reserving 16384 MB for main workspace.
--vcf: prop_markers-temporary.bed + prop_markers-temporary.bim +
prop_markers-temporary.fam written.
22277 out of 28021 variants loaded from .bim file.
22277 missing IDs set.
328 people (0 males, 0 females, 328 ambiguous) loaded from .fam.
Ambiguous sex IDs written to prop_markers.nosex .
--extract: 22277 variants remaining.
Using up to 6 threads (change this with --threads).
Before main variant filters, 328 founders and 0 nonfounders present.
Calculating allele frequencies... done.
Total genotyping rate is 0.983913.
617 variants removed due to missing genotype data (--geno).
19522 variants removed due to minor allele threshold(s)
(--maf/--max-maf/--mac/--max-mac).
2138 variants and 328 people pass filters and QC.
Note: No phenotypes present.
--make-bed to prop_markers.bed + prop_markers.bim + prop_markers.fam ... done.
--recode vcf-iid bgz to prop_markers.vcf.gz ... done.

End time: Tue Dec 17 14:09:14 2019
